<?xml version="1.0" encoding="UTF-8"?>
<!-- Generated by org.testng.reporters.JUnitReportReporter -->
<testsuite name="Test.test" tests="1" time="39.738" ignored="0" failures="0" timestamp="22 Aug 2018 12:44:04 GMT" skipped="0" hostname="mana" errors="0">
  <testcase name="TestFireFox" time="39.738" classname="Test.test"/>
</testsuite> <!-- Test.test -->
